
================================================================================
Testing All Websites with Detailed Logs
================================================================================
Total sites: 19
Start time: 2025-11-19 14:35:13
================================================================================

üìÑ Using template: auto_detect_template.json


################################################################################
# SITE 1/19
################################################################################


================================================================================
Testing: https://thefabcode.com/contact-us/
================================================================================
Time: 2025-11-19 14:35:13
================================================================================
üöÄ Starting automation...
   URL: https://thefabcode.com/contact-us/
   Fields to fill: 0
üìÑ Loading page...
‚úÖ Page loaded
{"status": "error", "message": "Page.wait_for_timeout: Target page, context or browser has been closed"}

‚ùå FAILED: https://thefabcode.com/contact-us/
   Status: error
   Message: Page.wait_for_timeout: Target page, context or browser has been closed


################################################################################
# SITE 2/19
################################################################################


================================================================================
Testing: https://www.seodiscovery.com/contact-us.php
================================================================================
Time: 2025-11-19 14:35:30
================================================================================
üöÄ Starting automation...
   URL: https://www.seodiscovery.com/contact-us.php
   Fields to fill: 0
üìÑ Loading page...
‚úÖ Page loaded
üîç Waiting for form fields to load...
   ‚ö†Ô∏è  Form fields not found immediately, continuing...
üîç Discovering forms on page...
{"status": "error", "message": "Page.evaluate: Target page, context or browser has been closed"}

‚ùå FAILED: https://www.seodiscovery.com/contact-us.php
   Status: error
   Message: Page.evaluate: Target page, context or browser has been closed


################################################################################
# SITE 3/19
################################################################################


================================================================================
Testing: https://blacklisted.agency/contact/
================================================================================
Time: 2025-11-19 14:36:02
================================================================================
üöÄ Starting automation...
   URL: https://blacklisted.agency/contact/
   Fields to fill: 0
üìÑ Loading page...
‚úÖ Page loaded
üîç Waiting for form fields to load...
   ‚ö†Ô∏è  Form fields not found immediately, continuing...
üîç Discovering forms on page...
{"status": "error", "message": "Page.evaluate: Target page, context or browser has been closed"}

‚ùå FAILED: https://blacklisted.agency/contact/
   Status: error
   Message: Page.evaluate: Target page, context or browser has been closed


################################################################################
# SITE 4/19
################################################################################


================================================================================
Testing: https://www.imarkinfotech.com/contact/
================================================================================
Time: 2025-11-19 14:36:25
================================================================================
üöÄ Starting automation...
   URL: https://www.imarkinfotech.com/contact/
   Fields to fill: 0
üìÑ Loading page...
‚úÖ Page loaded
üîç Waiting for form fields to load...
   ‚ö†Ô∏è  Form fields not found immediately, continuing...
üîç Discovering forms on page...
‚úÖ Found 2 form(s)
   üìã Selected form with 29 fields (score: 31)
üìù Found 29 fields in target form
ü§ñ Auto-detect mode enabled: Automatically detecting form fields...
   ‚úÖ Auto-detected 11 fields: name, email, phone, company, text, radio, radio, radio, text, message, checkbox
‚úçÔ∏è  Filling 11 form fields...
   Field 1/11: input[name="fname"]...
   ‚úÖ Field 1 filled successfully
   Field 2/11: input[name="email"]...
   ‚úÖ Field 2 filled successfully
   Field 3/11: input[name="phone"]...
   ‚úÖ Field 3 filled successfully
   Field 4/11: input[name="company"]...
   ‚úÖ Field 4 filled successfully
   Field 5/11: input[name="industry"]...
   ‚úÖ Field 5 filled successfully
   Field 6/11: input[name="reach_you"]...
   ‚úÖ Field 6 filled successfully
   Field 7/11: input[name="reach_you"]...
   ‚úÖ Field 7 filled successfully
   Field 8/11: input[name="reach_you"]...
   ‚úÖ Field 8 filled successfully
   Field 9/11: input[name="find_us"]...
   ‚úÖ Field 9 filled successfully
   Field 10/11: textarea[name="textarea-931"]...
   ‚úÖ Field 10 filled successfully
   Field 11/11: input[name="checkbox-842[]"]...
   ‚úÖ Field 11 filled successfully
‚úÖ Checking consent/terms checkboxes automatically...
   ‚ÑπÔ∏è  No unchecked consent checkboxes found
üîê Checking for CAPTCHA (initial check)...
   CAPTCHA detected: recaptcha
ü§ñ Step 1: Trying LOCAL CAPTCHA SOLVER (fully automated)...
üñ±Ô∏è  Clicking reCAPTCHA checkbox...
üîç Waiting for challenge to appear...
üéØ Challenge detected, attempting to solve...
üñºÔ∏è  Image challenge detected, switching to audio...
   ‚úÖ Found audio button: #recaptcha-audio-button, clicking...
   ‚úÖ Successfully switched to audio challenge
üéß Attempting to solve audio challenge...
   üéß Starting audio challenge solving...
   üîç Checking for Buster extension...
   ‚úÖ Already in audio challenge mode
   ‚è≥ Waiting for audio challenge to fully load (checking network requests)...
   ‚è≥ Frame has content (3 elements), waiting for audio... (1/15)
   ‚è≥ Frame has content (3 elements), waiting for audio... (4/15)
   ‚è≥ Frame has content (3 elements), waiting for audio... (7/15)
   ‚è≥ Frame has content (3 elements), waiting for audio... (10/15)
   ‚ö†Ô∏è  Page closed during wait (attempt 13)
   ‚ö†Ô∏è  Audio elements not fully detected, but continuing anyway...
   üì• Getting audio source (checking download links first)...
   ‚ñ∂Ô∏è  Trying to trigger audio download/load...
   ‚ö†Ô∏è  Error triggering audio: Frame.evaluate: Target page, context or browser ha
   ‚ùå Page closed during audio source check (attempt 1)
‚è≥ Waiting for CAPTCHA token after solving attempt...
‚ö†Ô∏è  Error getting token: Page.evaluate: Target page, context or browser has been closed
‚ö†Ô∏è  Error getting token: Page.evaluate: Target page, context or browser has been closed
‚ö†Ô∏è  Error getting token: Page.evaluate: Target page, context or browser has been closed
‚ö†Ô∏è  Error getting token: Page.evaluate: Target page, context or browser has been closed
‚ö†Ô∏è  Error getting token: Page.evaluate: Target page, context or browser has been closed
‚ö†Ô∏è  Error getting token: Page.evaluate: Target page, context or browser has been closed
   ‚úÖ Challenge iframe disappeared, checking for token...
‚ö†Ô∏è  Error getting token: Page.evaluate: Target page, context or browser has been closed
   Still waiting for token... (6/20)
‚ö†Ô∏è  Error getting token: Page.evaluate: Target page, context or browser has been closed
‚ö†Ô∏è  Error getting token: Page.evaluate: Target page, context or browser has been closed
‚ö†Ô∏è  Error getting token: Page.evaluate: Target page, context or browser has been closed
‚ö†Ô∏è  Error getting token: Page.evaluate: Target page, context or browser has been closed
‚ö†Ô∏è  Error getting token: Page.evaluate: Target page, context or browser has been closed
   ‚úÖ Challenge iframe disappeared, checking for token...
‚ö†Ô∏è  Error getting token: Page.evaluate: Target page, context or browser has been closed
   Still waiting for token... (11/20)
‚ö†Ô∏è  Error getting token: Page.evaluate: Target page, context or browser has been closed
‚ö†Ô∏è  Error getting token: Page.evaluate: Target page, context or browser has been closed
‚ö†Ô∏è  Error getting token: Page.evaluate: Target page, context or browser has been closed
‚ö†Ô∏è  Error getting token: Page.evaluate: Target page, context or browser has been closed
‚ö†Ô∏è  Error getting token: Page.evaluate: Target page, context or browser has been closed
   ‚úÖ Challenge iframe disappeared, checking for token...
‚ö†Ô∏è  Error getting token: Page.evaluate: Target page, context or browser has been closed
   Still waiting for token... (16/20)
‚ö†Ô∏è  Error getting token: Page.evaluate: Target page, context or browser has been closed
‚ö†Ô∏è  Error getting token: Page.evaluate: Target page, context or browser has been closed
‚ö†Ô∏è  Error getting token: Page.evaluate: Target page, context or browser has been closed
‚ö†Ô∏è  Error getting token: Page.evaluate: Target page, context or browser has been closed
üñºÔ∏è  Audio failed, trying image challenge as last resort...
   üñºÔ∏è  Image challenge detected, attempting to solve...
   ‚ùå Challenge solving error: Page.query_selector: Target page, context or browser has been closed
   Traceback: Traceback (most recent call last):
  File "/var/www/html/TEQSmartSubmit/automation/captcha_solver.py", line 1834, in _solve_challenge
    challenge_frame = await self.page.query_selector('iframe[title
üîç Final token check...
‚ö†Ô∏è  Error getting token: Page.evaluate: Target page, context or browser has been closed
‚ö†Ô∏è  Warning: Could not retrieve CAPTCHA token after solving attempt
   ‚è∞ Local solver timeout (120s)
   Hybrid mode disabled - will not try external services
‚ö†Ô∏è  Local solver failed: Local CAPTCHA solver returned empty token
üìã Full error trace:
Traceback (most recent call last):
  File "run_submission.py", line 1449, in run_submission
    raise RuntimeError("Local CAPTCHA solver returned empty token")
RuntimeError: Local CAPTCHA solver returned empty token

‚ùå Local solver failed and hybrid mode is disabled. Will not try external services.
‚ö†Ô∏è  No CAPTCHA solver available. Please configure API keys or enable manual solving.
‚ö†Ô∏è  All automated CAPTCHA solvers failed. Waiting for manual CAPTCHA solving...
‚ö†Ô∏è  Please solve the CAPTCHA manually in the browser window.
‚ö†Ô∏è  Waiting up to 5 minutes for manual CAPTCHA solving...
{"status": "error", "message": "CAPTCHA not solved within timeout. Please solve it manually in the browser window, or configure CAPTCHA solver API keys."}
Future exception was never retrieved
future: <Future finished exception=TargetClosedError('Target page, context or browser has been closed\nCall log:\nattempting scroll into view action\n  -   waiting for element to be stable\n')>
playwright._impl._errors.TargetClosedError: Target page, context or browser has been closed
Call log:
attempting scroll into view action
  -   waiting for element to be stable


‚ùå FAILED: https://www.imarkinfotech.com/contact/
   Status: error
   Message: CAPTCHA not solved within timeout. Please solve it manually in the browser window, or configure CAPTCHA solver API keys.


################################################################################
# SITE 5/19
################################################################################


================================================================================
Testing: https://www.softtrix.com/contact
================================================================================
Time: 2025-11-19 14:40:03
================================================================================
üöÄ Starting automation...
   URL: https://www.softtrix.com/contact
   Fields to fill: 0
üìÑ Loading page...
{"status": "error", "message": "Page.goto: Target page, context or browser has been closed\nCall log:\nnavigating to \"https://www.softtrix.com/contact\", waiting until \"load\"\n"}

‚ùå FAILED: https://www.softtrix.com/contact
   Status: error
   Message: Page.goto: Target page, context or browser has been closed
Call log:
navigating to "https://www.softtrix.com/contact", waiting until "load"



################################################################################
# SITE 6/19
################################################################################


================================================================================
Testing: https://www.offsure.com/#/contact
================================================================================
Time: 2025-11-19 14:40:08
================================================================================
üöÄ Starting automation...
   URL: https://www.offsure.com/#/contact
   Fields to fill: 0
üìÑ Loading page...
{"status": "error", "message": "Page.goto: Target page, context or browser has been closed\nCall log:\nnavigating to \"https://www.offsure.com/#/contact\", waiting until \"load\"\n"}
